2025-12-09T02:32:39.792554Z  INFO tailwindcss_oxide::scanner: Provided sources:
2025-12-09T02:32:39.792728Z  INFO tailwindcss_oxide::scanner: Source: PublicSourceEntry { base: "C:\\Users\\User\\Documents\\Optimum", pattern: "**/*", negated: false }
2025-12-09T02:32:39.793060Z  INFO tailwindcss_oxide::scanner: Optimized sources:
2025-12-09T02:32:39.793094Z  INFO tailwindcss_oxide::scanner: Source: Auto { base: "C:\\Users\\User\\Documents\\Optimum" }
2025-12-09T02:32:39.797067Z  INFO scan_sources: tailwindcss_oxide::scanner: enter
2025-12-09T02:32:39.798763Z  INFO scan_sources: tailwindcss_oxide::scanner: Discovering "C:\\Users\\User\\Documents\\Optimum\\app"
2025-12-09T02:32:39.840466Z  INFO scan_sources: tailwindcss_oxide::scanner: Discovering "C:\\Users\\User\\Documents\\Optimum\\app\\(dashboard)"
2025-12-09T02:32:39.840677Z  INFO scan_sources: tailwindcss_oxide::scanner: Discovering "C:\\Users\\User\\Documents\\Optimum\\app\\(dashboard)\\consultants"
2025-12-09T02:32:39.840857Z  INFO scan_sources: tailwindcss_oxide::scanner: Discovering "C:\\Users\\User\\Documents\\Optimum\\app\\(dashboard)\\consultants\\page.tsx"
2025-12-09T02:32:39.841005Z  INFO scan_sources: tailwindcss_oxide::scanner: Discovering "C:\\Users\\User\\Documents\\Optimum\\app\\(dashboard)\\dashboard-consultant"
2025-12-09T02:32:39.841151Z  INFO scan_sources: tailwindcss_oxide::scanner: Discovering "C:\\Users\\User\\Documents\\Optimum\\app\\(dashboard)\\dashboard-consultant\\page.tsx"
2025-12-09T02:32:39.841305Z  INFO scan_sources: tailwindcss_oxide::scanner: Discovering "C:\\Users\\User\\Documents\\Optimum\\app\\(dashboard)\\dashboard-director"
2025-12-09T02:32:39.841438Z  INFO scan_sources: tailwindcss_oxide::scanner: Discovering "C:\\Users\\User\\Documents\\Optimum\\app\\(dashboard)\\dashboard-director\\page.tsx"
2025-12-09T02:32:39.841573Z  INFO scan_sources: tailwindcss_oxide::scanner: Discovering "C:\\Users\\User\\Documents\\Optimum\\app\\(dashboard)\\finance"
2025-12-09T02:32:39.841701Z  INFO scan_sources: tailwindcss_oxide::scanner: Discovering "C:\\Users\\User\\Documents\\Optimum\\app\\(dashboard)\\finance\\page.tsx"
2025-12-09T02:32:39.841845Z  INFO scan_sources: tailwindcss_oxide::scanner: Discovering "C:\\Users\\User\\Documents\\Optimum\\app\\(dashboard)\\invoices"
2025-12-09T02:32:39.841966Z  INFO scan_sources: tailwindcss_oxide::scanner: Discovering "C:\\Users\\User\\Documents\\Optimum\\app\\(dashboard)\\invoices\\page.tsx"
2025-12-09T02:32:39.842054Z  INFO scan_sources: tailwindcss_oxide::scanner: Discovering "C:\\Users\\User\\Documents\\Optimum\\app\\(dashboard)\\layout.tsx"
2025-12-09T02:32:39.842160Z  INFO scan_sources: tailwindcss_oxide::scanner: Discovering "C:\\Users\\User\\Documents\\Optimum\\app\\(dashboard)\\payments"
2025-12-09T02:32:39.842284Z  INFO scan_sources: tailwindcss_oxide::scanner: Discovering "C:\\Users\\User\\Documents\\Optimum\\app\\(dashboard)\\payments\\page.tsx"
2025-12-09T02:32:39.842409Z  INFO scan_sources: tailwindcss_oxide::scanner: Discovering "C:\\Users\\User\\Documents\\Optimum\\app\\(dashboard)\\projects"
2025-12-09T02:32:39.842532Z  INFO scan_sources: tailwindcss_oxide::scanner: Discovering "C:\\Users\\User\\Documents\\Optimum\\app\\(dashboard)\\projects\\page.tsx"
2025-12-09T02:32:39.842658Z  INFO scan_sources: tailwindcss_oxide::scanner: Discovering "C:\\Users\\User\\Documents\\Optimum\\app\\(dashboard)\\reports"
2025-12-09T02:32:39.842790Z  INFO scan_sources: tailwindcss_oxide::scanner: Discovering "C:\\Users\\User\\Documents\\Optimum\\app\\(dashboard)\\reports\\page.tsx"
2025-12-09T02:32:39.842921Z  INFO scan_sources: tailwindcss_oxide::scanner: Discovering "C:\\Users\\User\\Documents\\Optimum\\app\\(dashboard)\\settings"
2025-12-09T02:32:39.843044Z  INFO scan_sources: tailwindcss_oxide::scanner: Discovering "C:\\Users\\User\\Documents\\Optimum\\app\\(dashboard)\\settings\\page.tsx"
2025-12-09T02:32:39.843172Z  INFO scan_sources: tailwindcss_oxide::scanner: Discovering "C:\\Users\\User\\Documents\\Optimum\\app\\(dashboard)\\tasks"
2025-12-09T02:32:39.843295Z  INFO scan_sources: tailwindcss_oxide::scanner: Discovering "C:\\Users\\User\\Documents\\Optimum\\app\\(dashboard)\\tasks\\page.tsx"
2025-12-09T02:32:39.843485Z  INFO scan_sources: tailwindcss_oxide::scanner: Discovering "C:\\Users\\User\\Documents\\Optimum\\app\\api"
2025-12-09T02:32:39.843655Z  INFO scan_sources: tailwindcss_oxide::scanner: Discovering "C:\\Users\\User\\Documents\\Optimum\\app\\api\\auth"
2025-12-09T02:32:39.843853Z  INFO scan_sources: tailwindcss_oxide::scanner: Discovering "C:\\Users\\User\\Documents\\Optimum\\app\\api\\auth\\[...nextauth]"
2025-12-09T02:32:39.843990Z  INFO scan_sources: tailwindcss_oxide::scanner: Discovering "C:\\Users\\User\\Documents\\Optimum\\app\\api\\auth\\[...nextauth]\\route.ts"
2025-12-09T02:32:39.844133Z  INFO scan_sources: tailwindcss_oxide::scanner: Discovering "C:\\Users\\User\\Documents\\Optimum\\app\\globals.css"
2025-12-09T02:32:39.844200Z  INFO scan_sources: tailwindcss_oxide::scanner: Discovering "C:\\Users\\User\\Documents\\Optimum\\app\\layout.tsx"
2025-12-09T02:32:39.844269Z  INFO scan_sources: tailwindcss_oxide::scanner: Discovering "C:\\Users\\User\\Documents\\Optimum\\app\\page.tsx"
2025-12-09T02:32:39.844407Z  INFO scan_sources: tailwindcss_oxide::scanner: Discovering "C:\\Users\\User\\Documents\\Optimum\\components"
2025-12-09T02:32:39.844580Z  INFO scan_sources: tailwindcss_oxide::scanner: Discovering "C:\\Users\\User\\Documents\\Optimum\\components\\layout"
2025-12-09T02:32:39.844710Z  INFO scan_sources: tailwindcss_oxide::scanner: Discovering "C:\\Users\\User\\Documents\\Optimum\\components\\layout\\dashboard-layout.tsx"
2025-12-09T02:32:39.844777Z  INFO scan_sources: tailwindcss_oxide::scanner: Discovering "C:\\Users\\User\\Documents\\Optimum\\components\\layout\\sidebar.tsx"
2025-12-09T02:32:39.844882Z  INFO scan_sources: tailwindcss_oxide::scanner: Discovering "C:\\Users\\User\\Documents\\Optimum\\components\\layout\\topbar.tsx"
2025-12-09T02:32:39.845028Z  INFO scan_sources: tailwindcss_oxide::scanner: Discovering "C:\\Users\\User\\Documents\\Optimum\\components\\ui"
2025-12-09T02:32:39.845166Z  INFO scan_sources: tailwindcss_oxide::scanner: Discovering "C:\\Users\\User\\Documents\\Optimum\\components\\ui\\avatar.tsx"
2025-12-09T02:32:39.845237Z  INFO scan_sources: tailwindcss_oxide::scanner: Discovering "C:\\Users\\User\\Documents\\Optimum\\components\\ui\\button.tsx"
2025-12-09T02:32:39.845306Z  INFO scan_sources: tailwindcss_oxide::scanner: Discovering "C:\\Users\\User\\Documents\\Optimum\\components\\ui\\card.tsx"
2025-12-09T02:32:39.845376Z  INFO scan_sources: tailwindcss_oxide::scanner: Discovering "C:\\Users\\User\\Documents\\Optimum\\components\\ui\\dropdown-menu.tsx"
2025-12-09T02:32:39.845444Z  INFO scan_sources: tailwindcss_oxide::scanner: Discovering "C:\\Users\\User\\Documents\\Optimum\\components\\ui\\input.tsx"
2025-12-09T02:32:39.845511Z  INFO scan_sources: tailwindcss_oxide::scanner: Discovering "C:\\Users\\User\\Documents\\Optimum\\components\\ui\\label.tsx"
2025-12-09T02:32:39.845577Z  INFO scan_sources: tailwindcss_oxide::scanner: Discovering "C:\\Users\\User\\Documents\\Optimum\\components\\ui\\separator.tsx"
2025-12-09T02:32:39.845735Z  INFO scan_sources: tailwindcss_oxide::scanner: Discovering "C:\\Users\\User\\Documents\\Optimum\\db"
2025-12-09T02:32:39.845880Z  INFO scan_sources: tailwindcss_oxide::scanner: Discovering "C:\\Users\\User\\Documents\\Optimum\\db\\prisma.ts"
2025-12-09T02:32:39.845977Z  INFO scan_sources: tailwindcss_oxide::scanner: Discovering "C:\\Users\\User\\Documents\\Optimum\\eslint.config.mjs"
2025-12-09T02:32:39.846047Z  INFO scan_sources: tailwindcss_oxide::scanner: Discovering "C:\\Users\\User\\Documents\\Optimum\\generate-hash.js"
2025-12-09T02:32:39.846159Z  INFO scan_sources: tailwindcss_oxide::scanner: Discovering "C:\\Users\\User\\Documents\\Optimum\\lib"
2025-12-09T02:32:39.846299Z  INFO scan_sources: tailwindcss_oxide::scanner: Discovering "C:\\Users\\User\\Documents\\Optimum\\lib\\auth.ts"
2025-12-09T02:32:39.846366Z  INFO scan_sources: tailwindcss_oxide::scanner: Discovering "C:\\Users\\User\\Documents\\Optimum\\lib\\utils.ts"
2025-12-09T02:32:39.846454Z  INFO scan_sources: tailwindcss_oxide::scanner: Discovering "C:\\Users\\User\\Documents\\Optimum\\middleware.ts"
2025-12-09T02:32:39.846562Z  INFO scan_sources: tailwindcss_oxide::scanner: Discovering "C:\\Users\\User\\Documents\\Optimum\\next.config.ts"
2025-12-09T02:32:39.846823Z  INFO scan_sources: tailwindcss_oxide::scanner: Discovering "C:\\Users\\User\\Documents\\Optimum\\package.json"
2025-12-09T02:32:39.846898Z  INFO scan_sources: tailwindcss_oxide::scanner: Discovering "C:\\Users\\User\\Documents\\Optimum\\postcss.config.mjs"
2025-12-09T02:32:39.847016Z  INFO scan_sources: tailwindcss_oxide::scanner: Discovering "C:\\Users\\User\\Documents\\Optimum\\prisma"
2025-12-09T02:32:39.847157Z  INFO scan_sources: tailwindcss_oxide::scanner: Discovering "C:\\Users\\User\\Documents\\Optimum\\prisma\\init.sql"
2025-12-09T02:32:39.847238Z  INFO scan_sources: tailwindcss_oxide::scanner: Discovering "C:\\Users\\User\\Documents\\Optimum\\prisma\\schema.prisma"
2025-12-09T02:32:39.847306Z  INFO scan_sources: tailwindcss_oxide::scanner: Discovering "C:\\Users\\User\\Documents\\Optimum\\prisma\\seed.ts"
2025-12-09T02:32:39.847374Z  INFO scan_sources: tailwindcss_oxide::scanner: Discovering "C:\\Users\\User\\Documents\\Optimum\\prisma\\update-passwords.sql"
2025-12-09T02:32:39.847513Z  INFO scan_sources: tailwindcss_oxide::scanner: Discovering "C:\\Users\\User\\Documents\\Optimum\\public"
2025-12-09T02:32:39.847649Z  INFO scan_sources: tailwindcss_oxide::scanner: Discovering "C:\\Users\\User\\Documents\\Optimum\\public\\file.svg"
2025-12-09T02:32:39.847719Z  INFO scan_sources: tailwindcss_oxide::scanner: Discovering "C:\\Users\\User\\Documents\\Optimum\\public\\globe.svg"
2025-12-09T02:32:39.847804Z  INFO scan_sources: tailwindcss_oxide::scanner: Discovering "C:\\Users\\User\\Documents\\Optimum\\public\\next.svg"
2025-12-09T02:32:39.847877Z  INFO scan_sources: tailwindcss_oxide::scanner: Discovering "C:\\Users\\User\\Documents\\Optimum\\public\\vercel.svg"
2025-12-09T02:32:39.847948Z  INFO scan_sources: tailwindcss_oxide::scanner: Discovering "C:\\Users\\User\\Documents\\Optimum\\public\\window.svg"
2025-12-09T02:32:39.848046Z  INFO scan_sources: tailwindcss_oxide::scanner: Discovering "C:\\Users\\User\\Documents\\Optimum\\README.md"
2025-12-09T02:32:39.848118Z  INFO scan_sources: tailwindcss_oxide::scanner: Discovering "C:\\Users\\User\\Documents\\Optimum\\setup-users.js"
2025-12-09T02:32:39.848214Z  INFO scan_sources: tailwindcss_oxide::scanner: Discovering "C:\\Users\\User\\Documents\\Optimum\\test-connection.js"
2025-12-09T02:32:39.848298Z  INFO scan_sources: tailwindcss_oxide::scanner: Discovering "C:\\Users\\User\\Documents\\Optimum\\test-mysql.js"
2025-12-09T02:32:39.848389Z  INFO scan_sources: tailwindcss_oxide::scanner: Discovering "C:\\Users\\User\\Documents\\Optimum\\tsconfig.json"
2025-12-09T02:32:39.848598Z  INFO scan_sources: tailwindcss_oxide::scanner: exit
2025-12-09T02:32:39.848622Z  INFO extract_candidates: tailwindcss_oxide::scanner: enter
2025-12-09T02:32:39.848633Z  INFO extract_candidates:read_all_files: tailwindcss_oxide::scanner: enter
2025-12-09T02:32:39.848638Z  INFO extract_candidates:read_all_files: tailwindcss_oxide::scanner: Reading 47 file(s)
2025-12-09T02:32:39.849532Z  INFO tailwindcss_oxide::scanner: Reading "C:\\Users\\User\\Documents\\Optimum\\app\\(dashboard)\\consultants\\page.tsx"
2025-12-09T02:32:39.849590Z  INFO tailwindcss_oxide::scanner: Reading "C:\\Users\\User\\Documents\\Optimum\\components\\ui\\separator.tsx"
2025-12-09T02:32:39.849695Z  INFO tailwindcss_oxide::scanner: Reading "C:\\Users\\User\\Documents\\Optimum\\app\\(dashboard)\\dashboard-consultant\\page.tsx"
2025-12-09T02:32:39.849721Z  INFO tailwindcss_oxide::scanner: Reading "C:\\Users\\User\\Documents\\Optimum\\db\\prisma.ts"
2025-12-09T02:32:39.849877Z  INFO tailwindcss_oxide::scanner: Reading "C:\\Users\\User\\Documents\\Optimum\\eslint.config.mjs"
2025-12-09T02:32:39.849792Z  INFO tailwindcss_oxide::scanner: Reading "C:\\Users\\User\\Documents\\Optimum\\app\\api\\auth\\[...nextauth]\\route.ts"
2025-12-09T02:32:39.849943Z  INFO tailwindcss_oxide::scanner: Reading "C:\\Users\\User\\Documents\\Optimum\\app\\(dashboard)\\dashboard-director\\page.tsx"
2025-12-09T02:32:39.849979Z  INFO tailwindcss_oxide::scanner: Reading "C:\\Users\\User\\Documents\\Optimum\\generate-hash.js"
2025-12-09T02:32:39.850074Z  INFO tailwindcss_oxide::scanner: Reading "C:\\Users\\User\\Documents\\Optimum\\lib\\auth.ts"
2025-12-09T02:32:39.850095Z  INFO tailwindcss_oxide::scanner: Reading "C:\\Users\\User\\Documents\\Optimum\\app\\(dashboard)\\finance\\page.tsx"
2025-12-09T02:32:39.850170Z  INFO tailwindcss_oxide::scanner: Reading "C:\\Users\\User\\Documents\\Optimum\\lib\\utils.ts"
2025-12-09T02:32:39.850265Z  INFO tailwindcss_oxide::scanner: Reading "C:\\Users\\User\\Documents\\Optimum\\middleware.ts"
2025-12-09T02:32:39.850289Z  INFO tailwindcss_oxide::scanner: Reading "C:\\Users\\User\\Documents\\Optimum\\app\\(dashboard)\\invoices\\page.tsx"
2025-12-09T02:32:39.850356Z  INFO tailwindcss_oxide::scanner: Reading "C:\\Users\\User\\Documents\\Optimum\\next.config.ts"
2025-12-09T02:32:39.850412Z  INFO tailwindcss_oxide::scanner: Reading "C:\\Users\\User\\Documents\\Optimum\\app\\layout.tsx"
2025-12-09T02:32:39.850450Z  INFO tailwindcss_oxide::scanner: Reading "C:\\Users\\User\\Documents\\Optimum\\package.json"
2025-12-09T02:32:39.850454Z  INFO tailwindcss_oxide::scanner: Reading "C:\\Users\\User\\Documents\\Optimum\\app\\(dashboard)\\layout.tsx"
2025-12-09T02:32:39.850527Z  INFO tailwindcss_oxide::scanner: Reading "C:\\Users\\User\\Documents\\Optimum\\app\\page.tsx"
2025-12-09T02:32:39.850560Z  INFO tailwindcss_oxide::scanner: Reading "C:\\Users\\User\\Documents\\Optimum\\postcss.config.mjs"
2025-12-09T02:32:39.850642Z  INFO tailwindcss_oxide::scanner: Reading "C:\\Users\\User\\Documents\\Optimum\\components\\layout\\dashboard-layout.tsx"
2025-12-09T02:32:39.850670Z  INFO tailwindcss_oxide::scanner: Reading "C:\\Users\\User\\Documents\\Optimum\\prisma\\init.sql"
2025-12-09T02:32:39.850670Z  INFO tailwindcss_oxide::scanner: Reading "C:\\Users\\User\\Documents\\Optimum\\app\\(dashboard)\\payments\\page.tsx"
2025-12-09T02:32:39.850760Z  INFO tailwindcss_oxide::scanner: Reading "C:\\Users\\User\\Documents\\Optimum\\components\\layout\\sidebar.tsx"
2025-12-09T02:32:39.850795Z  INFO tailwindcss_oxide::scanner: Reading "C:\\Users\\User\\Documents\\Optimum\\prisma\\schema.prisma"
2025-12-09T02:32:39.850801Z  INFO tailwindcss_oxide::scanner: Reading "C:\\Users\\User\\Documents\\Optimum\\components\\ui\\avatar.tsx"
2025-12-09T02:32:39.850869Z  INFO tailwindcss_oxide::scanner: Reading "C:\\Users\\User\\Documents\\Optimum\\app\\(dashboard)\\projects\\page.tsx"
2025-12-09T02:32:39.850869Z  INFO tailwindcss_oxide::scanner: Reading "C:\\Users\\User\\Documents\\Optimum\\app\\(dashboard)\\reports\\page.tsx"
2025-12-09T02:32:39.850872Z  INFO tailwindcss_oxide::scanner: Reading "C:\\Users\\User\\Documents\\Optimum\\components\\layout\\topbar.tsx"
2025-12-09T02:32:39.850933Z  INFO tailwindcss_oxide::scanner: Reading "C:\\Users\\User\\Documents\\Optimum\\prisma\\seed.ts"
2025-12-09T02:32:39.851007Z  INFO tailwindcss_oxide::scanner: Reading "C:\\Users\\User\\Documents\\Optimum\\app\\(dashboard)\\settings\\page.tsx"
2025-12-09T02:32:39.851010Z  INFO tailwindcss_oxide::scanner: Reading "C:\\Users\\User\\Documents\\Optimum\\components\\ui\\dropdown-menu.tsx"
2025-12-09T02:32:39.851026Z  INFO tailwindcss_oxide::scanner: Reading "C:\\Users\\User\\Documents\\Optimum\\components\\ui\\button.tsx"
2025-12-09T02:32:39.851030Z  INFO tailwindcss_oxide::scanner: Reading "C:\\Users\\User\\Documents\\Optimum\\prisma\\update-passwords.sql"
2025-12-09T02:32:39.851129Z  INFO tailwindcss_oxide::scanner: Reading "C:\\Users\\User\\Documents\\Optimum\\public\\window.svg"
2025-12-09T02:32:39.851139Z  INFO tailwindcss_oxide::scanner: Reading "C:\\Users\\User\\Documents\\Optimum\\app\\(dashboard)\\tasks\\page.tsx"
2025-12-09T02:32:39.851218Z  INFO tailwindcss_oxide::scanner: Reading "C:\\Users\\User\\Documents\\Optimum\\public\\file.svg"
2025-12-09T02:32:39.851226Z  INFO tailwindcss_oxide::scanner: Reading "C:\\Users\\User\\Documents\\Optimum\\components\\ui\\card.tsx"
2025-12-09T02:32:39.851296Z  INFO tailwindcss_oxide::scanner: Reading "C:\\Users\\User\\Documents\\Optimum\\README.md"
2025-12-09T02:32:39.851226Z  INFO tailwindcss_oxide::scanner: Reading "C:\\Users\\User\\Documents\\Optimum\\components\\ui\\input.tsx"
2025-12-09T02:32:39.851242Z  INFO tailwindcss_oxide::scanner: Reading "C:\\Users\\User\\Documents\\Optimum\\test-connection.js"
2025-12-09T02:32:39.851308Z  INFO tailwindcss_oxide::scanner: Reading "C:\\Users\\User\\Documents\\Optimum\\public\\globe.svg"
2025-12-09T02:32:39.851403Z  INFO tailwindcss_oxide::scanner: Reading "C:\\Users\\User\\Documents\\Optimum\\test-mysql.js"
2025-12-09T02:32:39.851431Z  INFO tailwindcss_oxide::scanner: Reading "C:\\Users\\User\\Documents\\Optimum\\tsconfig.json"
2025-12-09T02:32:39.851460Z  INFO tailwindcss_oxide::scanner: Reading "C:\\Users\\User\\Documents\\Optimum\\components\\ui\\label.tsx"
2025-12-09T02:32:39.851473Z  INFO tailwindcss_oxide::scanner: Reading "C:\\Users\\User\\Documents\\Optimum\\public\\vercel.svg"
2025-12-09T02:32:39.851464Z  INFO tailwindcss_oxide::scanner: Reading "C:\\Users\\User\\Documents\\Optimum\\public\\next.svg"
2025-12-09T02:32:39.851552Z  INFO tailwindcss_oxide::scanner: Reading "C:\\Users\\User\\Documents\\Optimum\\setup-users.js"
2025-12-09T02:32:39.851681Z  INFO extract_candidates:read_all_files: tailwindcss_oxide::scanner: exit
2025-12-09T02:32:39.851701Z  INFO extract_candidates:parse_all_blobs: tailwindcss_oxide::scanner: enter
2025-12-09T02:32:39.851710Z  INFO extract_candidates:parse_all_blobs:extract: tailwindcss_oxide::scanner: enter
2025-12-09T02:32:39.854140Z  INFO extract_candidates:parse_all_blobs:extract: tailwindcss_oxide::scanner: exit
2025-12-09T02:32:39.854182Z  INFO extract_candidates:parse_all_blobs: tailwindcss_oxide::scanner: exit
2025-12-09T02:32:39.854192Z  INFO extract_candidates:read_all_files: tailwindcss_oxide::scanner: enter
2025-12-09T02:32:39.854197Z  INFO extract_candidates:read_all_files: tailwindcss_oxide::scanner: Reading 1 file(s)
2025-12-09T02:32:39.854342Z  INFO extract_candidates:read_all_files: tailwindcss_oxide::scanner: Reading "C:\\Users\\User\\Documents\\Optimum\\app\\globals.css"
2025-12-09T02:32:39.854357Z  INFO extract_candidates:read_all_files: tailwindcss_oxide::scanner: exit
2025-12-09T02:32:39.854368Z  INFO extract_candidates:extract_css_variables: tailwindcss_oxide::scanner: enter
2025-12-09T02:32:39.854373Z  INFO extract_candidates:extract_css_variables:extract: tailwindcss_oxide::scanner: enter
2025-12-09T02:32:39.854485Z  INFO extract_candidates:extract_css_variables:extract: tailwindcss_oxide::scanner: exit
2025-12-09T02:32:39.854511Z  INFO extract_candidates:extract_css_variables: tailwindcss_oxide::scanner: exit
2025-12-09T02:32:39.855104Z  INFO extract_candidates: tailwindcss_oxide::scanner: exit
2025-12-09T02:32:39.856020Z  INFO get_files: tailwindcss_oxide::scanner: enter
2025-12-09T02:32:39.856039Z  INFO get_files:scan_sources: tailwindcss_oxide::scanner: enter
2025-12-09T02:32:39.857546Z  INFO get_files:scan_sources: tailwindcss_oxide::scanner: Discovering "C:\\Users\\User\\Documents\\Optimum\\app"
2025-12-09T02:32:39.857751Z  INFO get_files:scan_sources: tailwindcss_oxide::scanner: Discovering "C:\\Users\\User\\Documents\\Optimum\\app\\(dashboard)"
2025-12-09T02:32:39.857949Z  INFO get_files:scan_sources: tailwindcss_oxide::scanner: Discovering "C:\\Users\\User\\Documents\\Optimum\\app\\(dashboard)\\consultants"
2025-12-09T02:32:39.858213Z  INFO get_files:scan_sources: tailwindcss_oxide::scanner: Discovering "C:\\Users\\User\\Documents\\Optimum\\app\\(dashboard)\\dashboard-consultant"
2025-12-09T02:32:39.858451Z  INFO get_files:scan_sources: tailwindcss_oxide::scanner: Discovering "C:\\Users\\User\\Documents\\Optimum\\app\\(dashboard)\\dashboard-director"
2025-12-09T02:32:39.858690Z  INFO get_files:scan_sources: tailwindcss_oxide::scanner: Discovering "C:\\Users\\User\\Documents\\Optimum\\app\\(dashboard)\\finance"
2025-12-09T02:32:39.858930Z  INFO get_files:scan_sources: tailwindcss_oxide::scanner: Discovering "C:\\Users\\User\\Documents\\Optimum\\app\\(dashboard)\\invoices"
2025-12-09T02:32:39.859205Z  INFO get_files:scan_sources: tailwindcss_oxide::scanner: Discovering "C:\\Users\\User\\Documents\\Optimum\\app\\(dashboard)\\payments"
2025-12-09T02:32:39.859437Z  INFO get_files:scan_sources: tailwindcss_oxide::scanner: Discovering "C:\\Users\\User\\Documents\\Optimum\\app\\(dashboard)\\projects"
2025-12-09T02:32:39.859670Z  INFO get_files:scan_sources: tailwindcss_oxide::scanner: Discovering "C:\\Users\\User\\Documents\\Optimum\\app\\(dashboard)\\reports"
2025-12-09T02:32:39.859905Z  INFO get_files:scan_sources: tailwindcss_oxide::scanner: Discovering "C:\\Users\\User\\Documents\\Optimum\\app\\(dashboard)\\settings"
2025-12-09T02:32:39.860109Z  INFO get_files:scan_sources: tailwindcss_oxide::scanner: Discovering "C:\\Users\\User\\Documents\\Optimum\\app\\(dashboard)\\tasks"
2025-12-09T02:32:39.860332Z  INFO get_files:scan_sources: tailwindcss_oxide::scanner: Discovering "C:\\Users\\User\\Documents\\Optimum\\app\\api"
2025-12-09T02:32:39.860487Z  INFO get_files:scan_sources: tailwindcss_oxide::scanner: Discovering "C:\\Users\\User\\Documents\\Optimum\\app\\api\\auth"
2025-12-09T02:32:39.860649Z  INFO get_files:scan_sources: tailwindcss_oxide::scanner: Discovering "C:\\Users\\User\\Documents\\Optimum\\app\\api\\auth\\[...nextauth]"
2025-12-09T02:32:39.861043Z  INFO get_files:scan_sources: tailwindcss_oxide::scanner: Discovering "C:\\Users\\User\\Documents\\Optimum\\components"
2025-12-09T02:32:39.861207Z  INFO get_files:scan_sources: tailwindcss_oxide::scanner: Discovering "C:\\Users\\User\\Documents\\Optimum\\components\\layout"
2025-12-09T02:32:39.861492Z  INFO get_files:scan_sources: tailwindcss_oxide::scanner: Discovering "C:\\Users\\User\\Documents\\Optimum\\components\\ui"
2025-12-09T02:32:39.861938Z  INFO get_files:scan_sources: tailwindcss_oxide::scanner: Discovering "C:\\Users\\User\\Documents\\Optimum\\db"
2025-12-09T02:32:39.862227Z  INFO get_files:scan_sources: tailwindcss_oxide::scanner: Discovering "C:\\Users\\User\\Documents\\Optimum\\lib"
2025-12-09T02:32:39.862775Z  INFO get_files:scan_sources: tailwindcss_oxide::scanner: Discovering "C:\\Users\\User\\Documents\\Optimum\\prisma"
2025-12-09T02:32:39.863116Z  INFO get_files:scan_sources: tailwindcss_oxide::scanner: Discovering "C:\\Users\\User\\Documents\\Optimum\\public"
2025-12-09T02:32:39.863640Z  INFO get_files:scan_sources: tailwindcss_oxide::scanner: exit
2025-12-09T02:32:39.863785Z  INFO get_files: tailwindcss_oxide::scanner: exit
2025-12-09T02:32:39.864309Z  INFO get_globs: tailwindcss_oxide::scanner: enter
2025-12-09T02:32:39.864321Z  INFO get_globs:scan_sources: tailwindcss_oxide::scanner: enter
2025-12-09T02:32:39.866147Z  INFO get_globs:scan_sources: tailwindcss_oxide::scanner: Discovering "C:\\Users\\User\\Documents\\Optimum\\app"
2025-12-09T02:32:39.866581Z  INFO get_globs:scan_sources: tailwindcss_oxide::scanner: Discovering "C:\\Users\\User\\Documents\\Optimum\\app\\(dashboard)"
2025-12-09T02:32:39.866901Z  INFO get_globs:scan_sources: tailwindcss_oxide::scanner: Discovering "C:\\Users\\User\\Documents\\Optimum\\app\\(dashboard)\\consultants"
2025-12-09T02:32:39.867199Z  INFO get_globs:scan_sources: tailwindcss_oxide::scanner: Discovering "C:\\Users\\User\\Documents\\Optimum\\app\\(dashboard)\\dashboard-consultant"
2025-12-09T02:32:39.867443Z  INFO get_globs:scan_sources: tailwindcss_oxide::scanner: Discovering "C:\\Users\\User\\Documents\\Optimum\\app\\(dashboard)\\dashboard-director"
2025-12-09T02:32:39.867700Z  INFO get_globs:scan_sources: tailwindcss_oxide::scanner: Discovering "C:\\Users\\User\\Documents\\Optimum\\app\\(dashboard)\\finance"
2025-12-09T02:32:39.867953Z  INFO get_globs:scan_sources: tailwindcss_oxide::scanner: Discovering "C:\\Users\\User\\Documents\\Optimum\\app\\(dashboard)\\invoices"
2025-12-09T02:32:39.868235Z  INFO get_globs:scan_sources: tailwindcss_oxide::scanner: Discovering "C:\\Users\\User\\Documents\\Optimum\\app\\(dashboard)\\payments"
2025-12-09T02:32:39.868465Z  INFO get_globs:scan_sources: tailwindcss_oxide::scanner: Discovering "C:\\Users\\User\\Documents\\Optimum\\app\\(dashboard)\\projects"
2025-12-09T02:32:39.868695Z  INFO get_globs:scan_sources: tailwindcss_oxide::scanner: Discovering "C:\\Users\\User\\Documents\\Optimum\\app\\(dashboard)\\reports"
2025-12-09T02:32:39.868929Z  INFO get_globs:scan_sources: tailwindcss_oxide::scanner: Discovering "C:\\Users\\User\\Documents\\Optimum\\app\\(dashboard)\\settings"
2025-12-09T02:32:39.869139Z  INFO get_globs:scan_sources: tailwindcss_oxide::scanner: Discovering "C:\\Users\\User\\Documents\\Optimum\\app\\(dashboard)\\tasks"
2025-12-09T02:32:39.869372Z  INFO get_globs:scan_sources: tailwindcss_oxide::scanner: Discovering "C:\\Users\\User\\Documents\\Optimum\\app\\api"
2025-12-09T02:32:39.869542Z  INFO get_globs:scan_sources: tailwindcss_oxide::scanner: Discovering "C:\\Users\\User\\Documents\\Optimum\\app\\api\\auth"
2025-12-09T02:32:39.869708Z  INFO get_globs:scan_sources: tailwindcss_oxide::scanner: Discovering "C:\\Users\\User\\Documents\\Optimum\\app\\api\\auth\\[...nextauth]"
2025-12-09T02:32:39.870095Z  INFO get_globs:scan_sources: tailwindcss_oxide::scanner: Discovering "C:\\Users\\User\\Documents\\Optimum\\components"
2025-12-09T02:32:39.870261Z  INFO get_globs:scan_sources: tailwindcss_oxide::scanner: Discovering "C:\\Users\\User\\Documents\\Optimum\\components\\layout"
2025-12-09T02:32:39.870531Z  INFO get_globs:scan_sources: tailwindcss_oxide::scanner: Discovering "C:\\Users\\User\\Documents\\Optimum\\components\\ui"
2025-12-09T02:32:39.870956Z  INFO get_globs:scan_sources: tailwindcss_oxide::scanner: Discovering "C:\\Users\\User\\Documents\\Optimum\\db"
2025-12-09T02:32:39.871236Z  INFO get_globs:scan_sources: tailwindcss_oxide::scanner: Discovering "C:\\Users\\User\\Documents\\Optimum\\lib"
2025-12-09T02:32:39.871752Z  INFO get_globs:scan_sources: tailwindcss_oxide::scanner: Discovering "C:\\Users\\User\\Documents\\Optimum\\prisma"
2025-12-09T02:32:39.872097Z  INFO get_globs:scan_sources: tailwindcss_oxide::scanner: Discovering "C:\\Users\\User\\Documents\\Optimum\\public"
2025-12-09T02:32:39.872881Z  INFO get_globs:scan_sources: tailwindcss_oxide::scanner: exit
2025-12-09T02:32:39.878881Z  INFO get_globs: tailwindcss_oxide::scanner: exit
2025-12-09T02:38:19.639360Z  INFO scan_sources: tailwindcss_oxide::scanner: enter
2025-12-09T02:38:19.642353Z  INFO scan_sources: tailwindcss_oxide::scanner: Discovering "C:\\Users\\User\\Documents\\Optimum\\app"
2025-12-09T02:38:19.642823Z  INFO scan_sources: tailwindcss_oxide::scanner: Discovering "C:\\Users\\User\\Documents\\Optimum\\app\\(dashboard)"
2025-12-09T02:38:19.643917Z  INFO scan_sources: tailwindcss_oxide::scanner: Discovering "C:\\Users\\User\\Documents\\Optimum\\app\\(dashboard)\\consultants"
2025-12-09T02:38:19.644519Z  INFO scan_sources: tailwindcss_oxide::scanner: Discovering "C:\\Users\\User\\Documents\\Optimum\\app\\(dashboard)\\dashboard-consultant"
2025-12-09T02:38:19.645129Z  INFO scan_sources: tailwindcss_oxide::scanner: Discovering "C:\\Users\\User\\Documents\\Optimum\\app\\(dashboard)\\dashboard-director"
2025-12-09T02:38:19.645650Z  INFO scan_sources: tailwindcss_oxide::scanner: Discovering "C:\\Users\\User\\Documents\\Optimum\\app\\(dashboard)\\finance"
2025-12-09T02:38:19.646175Z  INFO scan_sources: tailwindcss_oxide::scanner: Discovering "C:\\Users\\User\\Documents\\Optimum\\app\\(dashboard)\\invoices"
2025-12-09T02:38:19.646774Z  INFO scan_sources: tailwindcss_oxide::scanner: Discovering "C:\\Users\\User\\Documents\\Optimum\\app\\(dashboard)\\payments"
2025-12-09T02:38:19.647283Z  INFO scan_sources: tailwindcss_oxide::scanner: Discovering "C:\\Users\\User\\Documents\\Optimum\\app\\(dashboard)\\projects"
2025-12-09T02:38:19.647783Z  INFO scan_sources: tailwindcss_oxide::scanner: Discovering "C:\\Users\\User\\Documents\\Optimum\\app\\(dashboard)\\reports"
2025-12-09T02:38:19.648263Z  INFO scan_sources: tailwindcss_oxide::scanner: Discovering "C:\\Users\\User\\Documents\\Optimum\\app\\(dashboard)\\settings"
2025-12-09T02:38:19.648818Z  INFO scan_sources: tailwindcss_oxide::scanner: Discovering "C:\\Users\\User\\Documents\\Optimum\\app\\(dashboard)\\tasks"
2025-12-09T02:38:19.649433Z  INFO scan_sources: tailwindcss_oxide::scanner: Discovering "C:\\Users\\User\\Documents\\Optimum\\app\\api"
2025-12-09T02:38:19.649832Z  INFO scan_sources: tailwindcss_oxide::scanner: Discovering "C:\\Users\\User\\Documents\\Optimum\\app\\api\\auth"
2025-12-09T02:38:19.650282Z  INFO scan_sources: tailwindcss_oxide::scanner: Discovering "C:\\Users\\User\\Documents\\Optimum\\app\\api\\auth\\[...nextauth]"
2025-12-09T02:38:19.651178Z  INFO scan_sources: tailwindcss_oxide::scanner: Discovering "C:\\Users\\User\\Documents\\Optimum\\components"
2025-12-09T02:38:19.651528Z  INFO scan_sources: tailwindcss_oxide::scanner: Discovering "C:\\Users\\User\\Documents\\Optimum\\components\\layout"
2025-12-09T02:38:19.652118Z  INFO scan_sources: tailwindcss_oxide::scanner: Discovering "C:\\Users\\User\\Documents\\Optimum\\components\\ui"
2025-12-09T02:38:19.653234Z  INFO scan_sources: tailwindcss_oxide::scanner: Discovering "C:\\Users\\User\\Documents\\Optimum\\db"
2025-12-09T02:38:19.654967Z  INFO scan_sources: tailwindcss_oxide::scanner: Discovering "C:\\Users\\User\\Documents\\Optimum\\lib"
2025-12-09T02:38:19.655375Z  INFO scan_sources: tailwindcss_oxide::scanner: Discovering "C:\\Users\\User\\Documents\\Optimum\\lib\\auth.ts"
2025-12-09T02:38:19.656612Z  INFO scan_sources: tailwindcss_oxide::scanner: Discovering "C:\\Users\\User\\Documents\\Optimum\\prisma"
2025-12-09T02:38:19.657464Z  INFO scan_sources: tailwindcss_oxide::scanner: Discovering "C:\\Users\\User\\Documents\\Optimum\\public"
2025-12-09T02:38:19.658450Z  INFO scan_sources: tailwindcss_oxide::scanner: Discovering "C:\\Users\\User\\Documents\\Optimum\\test-auth.js"
2025-12-09T02:38:19.658972Z  INFO scan_sources: tailwindcss_oxide::scanner: exit
2025-12-09T02:38:19.659004Z  INFO extract_candidates: tailwindcss_oxide::scanner: enter
2025-12-09T02:38:19.659016Z  INFO extract_candidates:read_all_files: tailwindcss_oxide::scanner: enter
2025-12-09T02:38:19.659025Z  INFO extract_candidates:read_all_files: tailwindcss_oxide::scanner: Reading 2 file(s)
2025-12-09T02:38:19.659293Z  INFO tailwindcss_oxide::scanner: Reading "C:\\Users\\User\\Documents\\Optimum\\lib\\auth.ts"
2025-12-09T02:38:19.659305Z  INFO tailwindcss_oxide::scanner: Reading "C:\\Users\\User\\Documents\\Optimum\\test-auth.js"
2025-12-09T02:38:19.659383Z  INFO extract_candidates:read_all_files: tailwindcss_oxide::scanner: exit
2025-12-09T02:38:19.659407Z  INFO extract_candidates:parse_all_blobs: tailwindcss_oxide::scanner: enter
2025-12-09T02:38:19.659420Z  INFO extract_candidates:parse_all_blobs:extract: tailwindcss_oxide::scanner: enter
2025-12-09T02:38:19.662322Z  INFO extract_candidates:parse_all_blobs:extract: tailwindcss_oxide::scanner: exit
2025-12-09T02:38:19.662366Z  INFO extract_candidates:parse_all_blobs: tailwindcss_oxide::scanner: exit
2025-12-09T02:38:19.662675Z  INFO extract_candidates: tailwindcss_oxide::scanner: exit
2025-12-09T02:38:19.663794Z  INFO get_files: tailwindcss_oxide::scanner: enter
2025-12-09T02:38:19.663835Z  INFO get_files:scan_sources: tailwindcss_oxide::scanner: enter
2025-12-09T02:38:19.666425Z  INFO get_files:scan_sources: tailwindcss_oxide::scanner: Discovering "C:\\Users\\User\\Documents\\Optimum\\app"
2025-12-09T02:38:19.666732Z  INFO get_files:scan_sources: tailwindcss_oxide::scanner: Discovering "C:\\Users\\User\\Documents\\Optimum\\app\\(dashboard)"
2025-12-09T02:38:19.667142Z  INFO get_files:scan_sources: tailwindcss_oxide::scanner: Discovering "C:\\Users\\User\\Documents\\Optimum\\app\\(dashboard)\\consultants"
2025-12-09T02:38:19.667742Z  INFO get_files:scan_sources: tailwindcss_oxide::scanner: Discovering "C:\\Users\\User\\Documents\\Optimum\\app\\(dashboard)\\dashboard-consultant"
2025-12-09T02:38:19.668266Z  INFO get_files:scan_sources: tailwindcss_oxide::scanner: Discovering "C:\\Users\\User\\Documents\\Optimum\\app\\(dashboard)\\dashboard-director"
2025-12-09T02:38:19.668602Z  INFO get_files:scan_sources: tailwindcss_oxide::scanner: Discovering "C:\\Users\\User\\Documents\\Optimum\\app\\(dashboard)\\finance"
2025-12-09T02:38:19.669031Z  INFO get_files:scan_sources: tailwindcss_oxide::scanner: Discovering "C:\\Users\\User\\Documents\\Optimum\\app\\(dashboard)\\invoices"
2025-12-09T02:38:19.669639Z  INFO get_files:scan_sources: tailwindcss_oxide::scanner: Discovering "C:\\Users\\User\\Documents\\Optimum\\app\\(dashboard)\\payments"
2025-12-09T02:38:19.670105Z  INFO get_files:scan_sources: tailwindcss_oxide::scanner: Discovering "C:\\Users\\User\\Documents\\Optimum\\app\\(dashboard)\\projects"
2025-12-09T02:38:19.670466Z  INFO get_files:scan_sources: tailwindcss_oxide::scanner: Discovering "C:\\Users\\User\\Documents\\Optimum\\app\\(dashboard)\\reports"
2025-12-09T02:38:19.670829Z  INFO get_files:scan_sources: tailwindcss_oxide::scanner: Discovering "C:\\Users\\User\\Documents\\Optimum\\app\\(dashboard)\\settings"
2025-12-09T02:38:19.671216Z  INFO get_files:scan_sources: tailwindcss_oxide::scanner: Discovering "C:\\Users\\User\\Documents\\Optimum\\app\\(dashboard)\\tasks"
2025-12-09T02:38:19.671665Z  INFO get_files:scan_sources: tailwindcss_oxide::scanner: Discovering "C:\\Users\\User\\Documents\\Optimum\\app\\api"
2025-12-09T02:38:19.672025Z  INFO get_files:scan_sources: tailwindcss_oxide::scanner: Discovering "C:\\Users\\User\\Documents\\Optimum\\app\\api\\auth"
2025-12-09T02:38:19.672534Z  INFO get_files:scan_sources: tailwindcss_oxide::scanner: Discovering "C:\\Users\\User\\Documents\\Optimum\\app\\api\\auth\\[...nextauth]"
2025-12-09T02:38:19.673679Z  INFO get_files:scan_sources: tailwindcss_oxide::scanner: Discovering "C:\\Users\\User\\Documents\\Optimum\\components"
2025-12-09T02:38:19.673970Z  INFO get_files:scan_sources: tailwindcss_oxide::scanner: Discovering "C:\\Users\\User\\Documents\\Optimum\\components\\layout"
2025-12-09T02:38:19.674488Z  INFO get_files:scan_sources: tailwindcss_oxide::scanner: Discovering "C:\\Users\\User\\Documents\\Optimum\\components\\ui"
2025-12-09T02:38:19.675424Z  INFO get_files:scan_sources: tailwindcss_oxide::scanner: Discovering "C:\\Users\\User\\Documents\\Optimum\\db"
2025-12-09T02:38:19.676099Z  INFO get_files:scan_sources: tailwindcss_oxide::scanner: Discovering "C:\\Users\\User\\Documents\\Optimum\\lib"
2025-12-09T02:38:19.678401Z  INFO get_files:scan_sources: tailwindcss_oxide::scanner: Discovering "C:\\Users\\User\\Documents\\Optimum\\prisma"
2025-12-09T02:38:19.679359Z  INFO get_files:scan_sources: tailwindcss_oxide::scanner: Discovering "C:\\Users\\User\\Documents\\Optimum\\public"
2025-12-09T02:38:19.681833Z  INFO get_files:scan_sources: tailwindcss_oxide::scanner: exit
2025-12-09T02:38:19.682133Z  INFO get_files: tailwindcss_oxide::scanner: exit
2025-12-09T02:38:19.682912Z  INFO get_globs: tailwindcss_oxide::scanner: enter
2025-12-09T02:38:19.682967Z  INFO get_globs: tailwindcss_oxide::scanner: exit
